*** Using Compiler 'V5.06 update 7 (build 960)', folder: 'D:\App\Keil\Keil_v5\ARM\ARMCC\Bin'
Build target 'h7rec'
compiling memorymap.c...
compiling main.c...
compiling gpio.c...
compiling tim.c...
compiling lcd.c...
..\BSP\ST7735\lcd.c(81): warning:  #223-D: function "osDelay" declared implicitly
  		delay_ms(1);
..\BSP\ST7735\lcd.c(96): warning:  #223-D: function "osDelay" declared implicitly
  		delay_ms(1);
..\BSP\ST7735\lcd.c(151): warning:  #223-D: function "osDelay" declared implicitly
  		delay_ms(1);
..\BSP\ST7735\lcd.c: 3 warnings, 0 errors
compiling stm32h7xx_hal_msp.c...
compiling sdmmc.c...
compiling spi.c...
compiling stm32h7xx_it.c...
../BSP/CherryUSB-1.6.1/common/usb_version.h(21): warning:  #1-D: last line of file ends without a newline
  #endif
../Core/Src/stm32h7xx_it.c(422): warning:  #111-D: statement is unreachable
    HAL_PCD_IRQHandler(&hpcd_USB_OTG_FS);
..\Core\Src\stm32h7xx_it.c(237): error: A1516E: Bad symbol 'HardFault_Handler_C', not defined or external
..\Core\Src\stm32h7xx_it.c(272): error: A1516E: Bad symbol 'MemManage_Handler_C', not defined or external
..\Core\Src\stm32h7xx_it.c(307): error: A1516E: Bad symbol 'BusFault_Handler_C', not defined or external
..\Core\Src\stm32h7xx_it.c(342): error: A1516E: Bad symbol 'UsageFault_Handler_C', not defined or external
../Core/Src/stm32h7xx_it.c: 2 warnings, 0 errors
compiling usb_otg.c...
compiling freertos.c...
compiling rtc.c...
compiling file_rx.c...
compiling sd_manager.c...
compiling sd_diskio.c...
compiling diskio.c...
compiling fatfs.c...
compiling ff_gen_drv.c...
compiling syscall.c...
compiling ff.c...
"h7rec\h7rec.axf" - 4 Error(s), 5 Warning(s).
Target not created.
Build Time Elapsed:  00:00:02
